<?xml version="1.0" encoding="UTF-8"?>
<testsuite xmlns:xsi="http://www.w3.org/2001/XMLSchema-instance" xsi:schemaLocation="https://maven.apache.org/surefire/maven-surefire-plugin/xsd/surefire-test-report.xsd" name="com.realpage.chatntour.SmartWidget.SmartWidgetCucumberTest" time="74.81" tests="24" errors="0" skipped="17" failures="2">
  <properties>
    <property name="java.runtime.name" value="Java(TM) SE Runtime Environment"/>
    <property name="sun.boot.library.path" value="C:\Program Files\Java\jdk1.8.0_161\jre\bin"/>
    <property name="java.vm.version" value="25.161-b12"/>
    <property name="java.vm.vendor" value="Oracle Corporation"/>
    <property name="maven.multiModuleProjectDirectory" value="C:\Users\arezai\workspace\chatntour-automation-framework"/>
    <property name="java.vendor.url" value="http://java.oracle.com/"/>
    <property name="path.separator" value=";"/>
    <property name="guice.disable.misplaced.annotation.check" value="true"/>
    <property name="java.vm.name" value="Java HotSpot(TM) 64-Bit Server VM"/>
    <property name="file.encoding.pkg" value="sun.io"/>
    <property name="user.script" value=""/>
    <property name="user.country" value="US"/>
    <property name="sun.java.launcher" value="SUN_STANDARD"/>
    <property name="sun.os.patch.level" value=""/>
    <property name="test" value="SmartWidgetCucumberTest"/>
    <property name="java.vm.specification.name" value="Java Virtual Machine Specification"/>
    <property name="user.dir" value="C:\Users\arezai\workspace\chatntour-automation-framework"/>
    <property name="java.runtime.version" value="1.8.0_161-b12"/>
    <property name="java.awt.graphicsenv" value="sun.awt.Win32GraphicsEnvironment"/>
    <property name="java.endorsed.dirs" value="C:\Program Files\Java\jdk1.8.0_161\jre\lib\endorsed"/>
    <property name="os.arch" value="amd64"/>
    <property name="java.io.tmpdir" value="C:\Users\arezai\AppData\Local\Temp\"/>
    <property name="line.separator" value="&#10;"/>
    <property name="java.vm.specification.vendor" value="Oracle Corporation"/>
    <property name="user.variant" value=""/>
    <property name="os.name" value="Windows 10"/>
    <property name="classworlds.conf" value="C:\Users\arezai\workspace\Tools\apache-maven-3.5.2-bin\apache-maven-3.5.2\bin\..\bin\m2.conf"/>
    <property name="sun.jnu.encoding" value="Cp1252"/>
    <property name="java.library.path" value="C:\Program Files\Java\jdk1.8.0_161\bin;C:\WINDOWS\Sun\Java\bin;C:\WINDOWS\system32;C:\WINDOWS;C:\Program Files\Docker\Docker\Resources\bin;C:\WINDOWS\system32;C:\WINDOWS;C:\WINDOWS\System32\Wbem;C:\WINDOWS\System32\WindowsPowerShell\v1.0\;C:\Windows\CCM;C:\Program Files\Git\cmd;C:\Program Files\Java\jdk1.8.0_161\bin;C:\Selenium\geckodriver;;C:\WINDOWS\System32\OpenSSH\;C:\Program Files\PuTTY\;C:\Users\arezai\scoop\shims;C:\Users\arezai\AppData\Local\Microsoft\WindowsApps;C:\Program Files\Docker Toolbox;C:\Users\arezai\workspace\Tools\apache-maven-3.5.2-bin\apache-maven-3.5.2\bin;C:\Program Files\Java\jdk1.8.0_161\bin;C:\allure\allure-2.6.0\allure-2.6.0\bin;C:\Program Files\internet explorer;C:\Users\arezai\workspace\realpage-automation-framework\src\test\resources\drivers\win;C:\Users\arezai\AppData\Local\Microsoft\WindowsApps;C:\Users\arezai\AppData\Local\GitHubDesktop\bin;;."/>
    <property name="maven.conf" value="C:\Users\arezai\workspace\Tools\apache-maven-3.5.2-bin\apache-maven-3.5.2\bin\../conf"/>
    <property name="java.specification.name" value="Java Platform API Specification"/>
    <property name="java.class.version" value="52.0"/>
    <property name="sun.management.compiler" value="HotSpot 64-Bit Tiered Compilers"/>
    <property name="os.version" value="10.0"/>
    <property name="run.brand" value="realpage"/>
    <property name="library.jansi.path" value="C:\Users\arezai\workspace\Tools\apache-maven-3.5.2-bin\apache-maven-3.5.2\bin\..\lib\jansi-native"/>
    <property name="user.home" value="C:\Users\arezai"/>
    <property name="user.timezone" value="America/Chicago"/>
    <property name="java.awt.printerjob" value="sun.awt.windows.WPrinterJob"/>
    <property name="java.specification.version" value="1.8"/>
    <property name="file.encoding" value="Cp1252"/>
    <property name="user.name" value="arezai"/>
    <property name="java.class.path" value="C:\Users\arezai\workspace\Tools\apache-maven-3.5.2-bin\apache-maven-3.5.2\bin\..\boot\plexus-classworlds-2.5.2.jar"/>
    <property name="java.vm.specification.version" value="1.8"/>
    <property name="sun.arch.data.model" value="64"/>
    <property name="java.home" value="C:\Program Files\Java\jdk1.8.0_161\jre"/>
    <property name="sun.java.command" value="org.codehaus.plexus.classworlds.launcher.Launcher test -DRC_BROWSERS=chrome -Drun.brand=realpage -Drun.environment=uat -Dtest=SmartWidgetCucumberTest"/>
    <property name="java.specification.vendor" value="Oracle Corporation"/>
    <property name="user.language" value="en"/>
    <property name="awt.toolkit" value="sun.awt.windows.WToolkit"/>
    <property name="java.vm.info" value="mixed mode"/>
    <property name="java.version" value="1.8.0_161"/>
    <property name="java.ext.dirs" value="C:\Program Files\Java\jdk1.8.0_161\jre\lib\ext;C:\WINDOWS\Sun\Java\lib\ext"/>
    <property name="run.environment" value="uat"/>
    <property name="sun.boot.class.path" value="C:\Program Files\Java\jdk1.8.0_161\jre\lib\resources.jar;C:\Program Files\Java\jdk1.8.0_161\jre\lib\rt.jar;C:\Program Files\Java\jdk1.8.0_161\jre\lib\sunrsasign.jar;C:\Program Files\Java\jdk1.8.0_161\jre\lib\jsse.jar;C:\Program Files\Java\jdk1.8.0_161\jre\lib\jce.jar;C:\Program Files\Java\jdk1.8.0_161\jre\lib\charsets.jar;C:\Program Files\Java\jdk1.8.0_161\jre\lib\jfr.jar;C:\Program Files\Java\jdk1.8.0_161\jre\classes"/>
    <property name="sun.stderr.encoding" value="cp437"/>
    <property name="java.vendor" value="Oracle Corporation"/>
    <property name="maven.home" value="C:\Users\arezai\workspace\Tools\apache-maven-3.5.2-bin\apache-maven-3.5.2\bin\.."/>
    <property name="file.separator" value="\"/>
    <property name="java.vendor.url.bug" value="http://bugreport.sun.com/bugreport/"/>
    <property name="sun.cpu.endian" value="little"/>
    <property name="sun.io.unicode.encoding" value="UnicodeLittle"/>
    <property name="sun.stdout.encoding" value="cp437"/>
    <property name="RC_BROWSERS" value="chrome"/>
    <property name="sun.desktop" value="windows"/>
    <property name="sun.cpu.isalist" value="amd64"/>
  </properties>
  <testcase name="Given QA Tester wants to navigate the content of smartWidgetrja" classname="| QA Tester | smartWidgetrja |" time="0.004"/>
  <testcase name="When User clicks on the Start Chatting button" classname="| QA Tester | smartWidgetrja |" time="0"/>
  <testcase name="Then The first greeting is displayed &quot;Hi! I&apos;m your Virtual Assistant.&quot;" classname="| QA Tester | smartWidgetrja |" time="0"/>
  <testcase name="And The second greeting is displayed &quot;I am going to ask a few simple questions.  First, would you like to chat about finding an apartment, scheduling a tour or something else?&quot;" classname="| QA Tester | smartWidgetrja |" time="0"/>
  <testcase name="When Contact answers find an apartment &quot;Find an apartment&quot;" classname="| QA Tester | smartWidgetrja |" time="0"/>
  <testcase name="Then VA asks about desired home size" classname="| QA Tester | smartWidgetrja |" time="0.01">
    <failure message="Not able to find VA&apos;s question about home size" type="java.lang.AssertionError">java.lang.AssertionError: Not able to find VA's question about home size
</failure>
  </testcase>
  <testcase name="| QA Tester | smartWidgetrja |" classname="| QA Tester | smartWidgetrja |" time="0.01">
    <failure message="Not able to find VA&apos;s question about home size" type="java.lang.AssertionError">java.lang.AssertionError: Not able to find VA's question about home size
</failure>
  </testcase>
  <testcase name="And Contact answers number of bedrooms &quot;2 bedrooms&quot;" classname="| QA Tester | smartWidgetrja |" time="0">
    <skipped/>
  </testcase>
  <testcase name="Then VA asks about desired move in date &quot;Great, when are you looking to move?&quot;" classname="| QA Tester | smartWidgetrja |" time="0">
    <skipped/>
  </testcase>
  <testcase name="And Contact answers desired move in date &quot;Next Month&quot;" classname="| QA Tester | smartWidgetrja |" time="0">
    <skipped/>
  </testcase>
  <testcase name="Then VA comes back with availablity information" classname="| QA Tester | smartWidgetrja |" time="0">
    <skipped/>
  </testcase>
  <testcase name="Then VA asks if contact wants to schedule a tour &quot;Would you like to schedule a tour?&quot;" classname="| QA Tester | smartWidgetrja |" time="0">
    <skipped/>
  </testcase>
  <testcase name="And Contact answers the question about scheduling a tour &quot;yes&quot;" classname="| QA Tester | smartWidgetrja |" time="0">
    <skipped/>
  </testcase>
  <testcase name="Then VA informs that it needs some info to be able to schedule a tour &quot;In order to book a tour, I need a little more information.&quot;" classname="| QA Tester | smartWidgetrja |" time="0">
    <skipped/>
  </testcase>
  <testcase name="And VA asks for contacts first name" classname="| QA Tester | smartWidgetrja |" time="0">
    <skipped/>
  </testcase>
  <testcase name="Then Contact answers the question about first name &quot;Aryana&quot;" classname="| QA Tester | smartWidgetrja |" time="0">
    <skipped/>
  </testcase>
  <testcase name="And VA asks for contacts last name" classname="| QA Tester | smartWidgetrja |" time="0">
    <skipped/>
  </testcase>
  <testcase name="Then Contact answers the question about last name &quot;Rezai&quot;" classname="| QA Tester | smartWidgetrja |" time="0">
    <skipped/>
  </testcase>
  <testcase name="Then VA asks for contacts email address" classname="| QA Tester | smartWidgetrja |" time="0">
    <skipped/>
  </testcase>
  <testcase name="And Contact answers the question about email address &quot;aryana.rezai@realpage.com&quot;" classname="| QA Tester | smartWidgetrja |" time="0">
    <skipped/>
  </testcase>
  <testcase name="Then Contact answers the question about phone Number &quot;4692165826&quot;" classname="| QA Tester | smartWidgetrja |" time="0">
    <skipped/>
  </testcase>
  <testcase name="And VA asks for desired tour day &quot;What would be a good day for you to come visit?&quot;" classname="| QA Tester | smartWidgetrja |" time="0">
    <skipped/>
  </testcase>
  <testcase name="And VA displays the date calendar" classname="| QA Tester | smartWidgetrja |" time="0">
    <skipped/>
  </testcase>
  <testcase name="Then Contact picks a date" classname="| QA Tester | smartWidgetrja |" time="0">
    <skipped/>
  </testcase>
</testsuite>